<?xml version="1.0" encoding="UTF-8"?>
<!-- Generated by org.testng.reporters.JUnitReportReporter -->
<testsuite hostname="HDC3-L-PG01FQ29" failures="0" tests="1" name="test.testThree" time="0.002" errors="0" timestamp="2023-06-18T19:38:48 IST" skipped="0">
  <testcase classname="test.testThree" name="thirdTest" time="0.002"/>
  <system-out/>
</testsuite> <!-- test.testThree -->
