<?xml version="1.0" encoding="UTF-8"?>
<!-- Generated by org.testng.reporters.JUnitReportReporter -->
<testsuite hostname="HDC3-L-PG01FQ29" failures="0" tests="1" name="runner.Runner" time="33.291" errors="0" timestamp="2023-06-20T10:26:42 IST" skipped="0">
  <testcase classname="runner.Runner" name="runScenario" time="33.291"/>
  <system-out/>
</testsuite> <!-- runner.Runner -->
